Process name: Tutorial_8 [11.12.2010 12:55:33]
 - Variable: Tutorial_8.T
    - Domains:
    - Values:
      - Time: 0.0
        300.0
      - Time: 10.0
        312.987012987
      - Time: 20.0
        325.974025974
      - Time: 30.0
        338.961038961
      - Time: 40.0
        351.948051948
      - Time: 50.0
        364.935064935
      - Time: 60.0
        377.922077922
      - Time: 70.0
        390.909090909
      - Time: 80.0
        403.896103896
      - Time: 90.0
        416.883116883
      - Time: 100.0
        429.87012987
